0 [139889383142976] INFO perfrun.launcher <> - Launcher main begin
1 [139889383142976] INFO perfrun.launcher <> - MessageCatalogInit finished
1 [139889383142976] INFO perfrun.launcher <> - Launcher instance created
1 [139889383142976] INFO perfrun.launcher <> - argc = 7; cmdline = /opt/intel/oneapi/advisor/2024.2/bin64/advixe-runss --ui-output-format xml --ui-output-fd 6 --option-file /home/kian/CS5220/matmul-project/test/e000/hs001/config/runss.options 
31 [139889383142976] INFO perfrun.launcher <> - create msngr2::ICliToolContext
31 [139889383142976] INFO perfrun.launcher <> - create file finder object
31 [139889383142976] INFO perfrun.launcher <> - create a result directory: pattern = /home/kian/CS5220/matmul-project/test/e000/hs001 pid = 4294967295
32 [139889383142976] INFO perfrun.sdk <> - checked that the directory /home/kian/CS5220/matmul-project/test/e000/hs001 is a local directory
32 [139889383142976] INFO perfrun.sdk <> - the directory /home/kian/CS5220/matmul-project/test/e000/hs001 is a local directory with FS type ID 61267
32 [139889383142976] INFO perfrun.launcher <> - create data directory = /home/kian/CS5220/matmul-project/test/e000/hs001/data.0
32 [139889383142976] INFO perfrun.launcher <> - Creating the master collection flag
35 [139889383142976] INFO perfrun.launcher <> - Done creating the master collection flag
36 [139889234405056] INFO perfrun.launcher <> - plugin [remoteplug] was disabled because it doesn't support the given collection type.
36 [139889234405056] INFO perfrun.sdk <> - Allocating TMU :/home/kian/CS5220/matmul-project/test/e000/hs001/data.0/systemcollector-9012-instance-20240925-034831.sc
36 [139889234405056] INFO perfrun.launcher <> - plugin [] was disabled because it doesn't support the given collection type.
36 [139889234405056] INFO perfrun.launcher <> - plugin [gpu] was disabled because it doesn't support the given collection type.
36 [139889234405056] INFO perfrun.launcher <> - plugin [] was disabled because it doesn't support the given collection type.
36 [139889234405056] INFO perfrun.launcher <> - plugin [] was disabled because it doesn't support the given collection type.
36 [139889234405056] INFO perfrun.launcher <> - plugin [] was disabled because it doesn't support the given collection type.
36 [139889234405056] INFO perfrun.mrte <> - system-wide mode is 0
36 [139889234405056] INFO perfrun.mrte <> - Getting  mrte profiling environment ...
39 [139889234405056] INFO perfrun.mrte <> - INTEL_MRTE_DATA_DIR=/home/kian/CS5220/matmul-project/test/e000/hs001/data.0
39 [139889234405056] INFO perfrun.mrte <> - INTEL_MRTE_HOST_NAME=instance-20240925-034831
39 [139889234405056] INFO perfrun.mrte <> - JAVA_TOOL_OPTIONS=-agentlib:advixe_samplingmrte_javaprof_1.0 -Dsun.boot.library.path=/opt/intel/oneapi/advisor/2024.2/lib32/runtime:/opt/intel/oneapi/advisor/2024.2/lib64/runtime
39 [139889234405056] INFO perfrun.mrte <> - LD_LIBRARY_PATH=/opt/intel/oneapi/advisor/2024.2/lib32/runtime:/opt/intel/oneapi/advisor/2024.2/lib64/runtime:/opt/intel/oneapi/tbb/2021.13/env/../lib/intel64/gcc4.8:/opt/intel/oneapi/mpi/2021.13/opt/mpi/libfabric/lib:/opt/intel/oneapi/mpi/2021.13/lib:/opt/intel/oneapi/mkl/2024.2/lib:/opt/intel/oneapi/ippcp/2021.12/lib/:/opt/intel/oneapi/ipp/2021.12/lib:/opt/intel/oneapi/dpl/2022.6/lib:/opt/intel/oneapi/dnnl/2024.2/lib:/opt/intel/oneapi/debugger/2024.2/opt/debugger/lib:/opt/intel/oneapi/dal/2024.6/lib:/opt/intel/oneapi/compiler/2024.2/opt/compiler/lib:/opt/intel/oneapi/compiler/2024.2/lib:/opt/intel/oneapi/ccl/2021.13/lib/
39 [139889234405056] INFO perfrun.mrte <> - Data directory: /home/kian/CS5220/matmul-project/test/e000/hs001/data.0
39 [139889234405056] INFO perfrun.mrte <> - Mrte plugin is initialized
39 [139889234405056] INFO perfrun.launcher <> - plugin [] was disabled because it doesn't support the given collection type.
39 [139889234405056] INFO perfrun.launcher <> - plugin [] was disabled because it doesn't support the given collection type.
39 [139889234405056] INFO perfrun.launcher <> - plugin [] was disabled because it doesn't support the given collection type.
39 [139889234405056] INFO perfrun.launcher <> - plugin [] was disabled because it doesn't support the given collection type.
39 [139889234405056] INFO perfrun.launcher <> - plugin [] was disabled because it doesn't support the given collection type.
39 [139889234405056] INFO perfrun.launcher <> - plugin [] was disabled because it doesn't support the given collection type.
39 [139889234405056] INFO perfrun.launcher <> - plugin [] was disabled because it doesn't support the given collection type.
39 [139889234405056] INFO perfrun.tpss <> - initialize tpss controller
39 [139889234405056] INFO perfrun.tpss <> - configure collection mode: value = cpu:stack
39 [139889234405056] INFO perfrun.tpss <> - default obj-size-min=1024
39 [139889234405056] INFO perfrun.tpss <> - default hash-table-size=0
39 [139889234405056] INFO perfrun.launcher <> - plugin [] was disabled because it doesn't support the given collection type.
39 [139889234405056] INFO perfrun.launcher <> - plugin [] was disabled because it doesn't support the given collection type.
39 [139889234405056] INFO perfrun.launcher <> - plugin [] was disabled because it doesn't support the given collection type.
39 [139889234405056] INFO perfrun.launcher <> - plugin [] was disabled because it doesn't support the given collection type.
39 [139889234405056] INFO perfrun.launcher <> - plugin [] was disabled because it doesn't support the given collection type.
39 [139889234405056] INFO perfrun.launcher <> - plugin [] was disabled because it doesn't support the given collection type.
39 [139889234405056] INFO perfrun.launcher <> - plugin [] was disabled because it doesn't support the given collection type.
39 [139889234405056] INFO perfrun.launcher <> - plugin [] was disabled because it doesn't support the given collection type.
39 [139889234405056] INFO perfrun.launcher <> - plugin [] was disabled because it doesn't support the given collection type.
39 [139889383142976] INFO perfrun.launcher <> - set environment variable: LD_LIBRARY_PATH = /opt/intel/oneapi/advisor/2024.2/lib32/runtime:/opt/intel/oneapi/advisor/2024.2/lib64/runtime:/opt/intel/oneapi/tbb/2021.13/env/../lib/intel64/gcc4.8:/opt/intel/oneapi/mpi/2021.13/opt/mpi/libfabric/lib:/opt/intel/oneapi/mpi/2021.13/lib:/opt/intel/oneapi/mkl/2024.2/lib:/opt/intel/oneapi/ippcp/2021.12/lib/:/opt/intel/oneapi/ipp/2021.12/lib:/opt/intel/oneapi/dpl/2022.6/lib:/opt/intel/oneapi/dnnl/2024.2/lib:/opt/intel/oneapi/debugger/2024.2/opt/debugger/lib:/opt/intel/oneapi/dal/2024.6/lib:/opt/intel/oneapi/compiler/2024.2/opt/compiler/lib:/opt/intel/oneapi/compiler/2024.2/lib:/opt/intel/oneapi/ccl/2021.13/lib/
39 [139889383142976] INFO perfrun.launcher <> - set environment variable: INTEL_LIBITTNOTIFY32 = /opt/intel/oneapi/advisor/2024.2/lib32/runtime/libittnotify_collector.so
39 [139889383142976] INFO perfrun.launcher <> - set environment variable: INTEL_LIBITTNOTIFY64 = /opt/intel/oneapi/advisor/2024.2/lib64/runtime/libittnotify_collector.so
39 [139889383142976] INFO perfrun.launcher <> - set environment variable: INTEL_ITTNOTIFY_GROUPS = 
39 [139889383142976] INFO perfrun.launcher <> - set environment variable: INTEL_JIT_PROFILER32 = /opt/intel/oneapi/advisor/2024.2/lib32/runtime/libittnotify_collector.so
39 [139889383142976] INFO perfrun.launcher <> - set environment variable: INTEL_JIT_PROFILER64 = /opt/intel/oneapi/advisor/2024.2/lib64/runtime/libittnotify_collector.so
39 [139889383142976] INFO perfrun.launcher <> - set environment variable: ENABLE_JITPROFILING = 1
39 [139889383142976] INFO perfrun.launcher <> - set environment variable: CL_CONFIG_USE_VTUNE = True
39 [139889383142976] INFO perfrun.launcher <> - set environment variable: KMP_FORKJOIN_FRAMES = 0
39 [139889383142976] INFO perfrun.launcher <> - set environment variable: KMP_FORKJOIN_FRAMES_MODE = 0
39 [139889383142976] INFO perfrun.launcher <> - set environment variable: INTEL_MRTE_DATA_DIR = /home/kian/CS5220/matmul-project/test/e000/hs001/data.0
39 [139889383142976] INFO perfrun.launcher <> - set environment variable: INTEL_MRTE_HOST_NAME = instance-20240925-034831
39 [139889383142976] INFO perfrun.launcher <> - set environment variable: JAVA_TOOL_OPTIONS = -agentlib:advixe_samplingmrte_javaprof_1.0 -Dsun.boot.library.path=/opt/intel/oneapi/advisor/2024.2/lib32/runtime:/opt/intel/oneapi/advisor/2024.2/lib64/runtime
39 [139889383142976] INFO perfrun.launcher <> - set environment variable: LD_LIBRARY_PATH = /opt/intel/oneapi/advisor/2024.2/lib32/runtime:/opt/intel/oneapi/advisor/2024.2/lib64/runtime:/opt/intel/oneapi/tbb/2021.13/env/../lib/intel64/gcc4.8:/opt/intel/oneapi/mpi/2021.13/opt/mpi/libfabric/lib:/opt/intel/oneapi/mpi/2021.13/lib:/opt/intel/oneapi/mkl/2024.2/lib:/opt/intel/oneapi/ippcp/2021.12/lib/:/opt/intel/oneapi/ipp/2021.12/lib:/opt/intel/oneapi/dpl/2022.6/lib:/opt/intel/oneapi/dnnl/2024.2/lib:/opt/intel/oneapi/debugger/2024.2/opt/debugger/lib:/opt/intel/oneapi/dal/2024.6/lib:/opt/intel/oneapi/compiler/2024.2/opt/compiler/lib:/opt/intel/oneapi/compiler/2024.2/lib:/opt/intel/oneapi/ccl/2021.13/lib/
39 [139889383142976] INFO perfrun.launcher <> - RpcServer: run RPC server to handle requests
40 [139889383142976] INFO perfrun.launcher <> - Launcher: command line to start before modification = ./matmul-mine
40 [139889383142976] INFO perfrun.launcher <> - Launcher: command line to start after modification = /opt/intel/oneapi/advisor/2024.2/bin64/pin -error_file /home/kian/CS5220/matmul-project/test/e000/hs001/data.0/pinerr.tpsslog -detach_reattach -follow_execv -tool_load_option deepbind -t64 /opt/intel/oneapi/advisor/2024.2/lib64/libtpsstool.so -t /opt/intel/oneapi/advisor/2024.2/lib32/libtpsstool.so -server_name tpss_ipc.9012 -prd_dir /opt/intel/oneapi/advisor/2024.2 -- ./matmul-mine
40 [139889383142976] INFO perfrun.launcher <> - ProcessCreator object was created
40 [139889383142976] INFO perfrun.launcher <> - Launcher: the process was started in suspend mode
40 [139889234405056] WARN perfrun.system <> - Could not do anything with /sys/kernel/debug/kvm: boost::filesystem::status: Permission denied [system:13]: "/sys/kernel/debug/kvm", at file: vcs/perfrun1/plugins/system/src/trace_writer.cpp:787
40 [139889234405056] WARN perfrun.system <> - Folder "/var/run/libvirt/qemu/"doesn't exist, at file: vcs/perfrun1/plugins/system/src/trace_writer.cpp:800
40 [139889234405056] WARN perfrun.sdk <> - SEP tool is not available, at file: vcs/perfrun1/plugins/pluginsdk/src/device_mapper.cpp:915
40 [139889234405056] WARN perfrun.sdk <> - SEP driver is not available, at file: vcs/perfrun1/plugins/pluginsdk/src/device_mapper.cpp:1083
40 [139889234405056] WARN perfrun.sdk <> - amplxe-perf tool is not available, at file: vcs/perfrun1/plugins/pluginsdk/src/device_mapper.cpp:932
40 [139889234405056] WARN perfrun.sdk <> - Device mapping through perf is not available on current kernel, at file: vcs/perfrun1/plugins/pluginsdk/src/device_mapper.cpp:1314
41 [139889234405056] WARN perfrun.sdk <> - SEP tool is not available, at file: vcs/perfrun1/plugins/pluginsdk/src/device_mapper.cpp:915
42 [139889234405056] WARN perfrun.sdk <> - SEP driver is not available, at file: vcs/perfrun1/plugins/pluginsdk/src/device_mapper.cpp:1083
42 [139889234405056] WARN perfrun.sdk <> - SEP tool is not available, at file: vcs/perfrun1/plugins/pluginsdk/src/device_mapper.cpp:915
42 [139889234405056] WARN perfrun.sdk <> - SEP driver is not available, at file: vcs/perfrun1/plugins/pluginsdk/src/device_mapper.cpp:1083
42 [139889234405056] WARN perfrun.sdk <> - amplxe-perf tool is not available, at file: vcs/perfrun1/plugins/pluginsdk/src/device_mapper.cpp:932
42 [139889234405056] WARN perfrun.sdk <> - Device mapping through perf is not available on current kernel, at file: vcs/perfrun1/plugins/pluginsdk/src/device_mapper.cpp:1314
42 [139889234405056] WARN perfrun.sdk <> - Failed to find xl binary on any of the system paths: /bin, /sbin, /usr/bin, /usr/sbin., at file: vcs/perfrun1/sdk/src/utils.cpp:205
43 [139889234405056] INFO perfrun.vdso <> - Helper runtool '/opt/intel/oneapi/advisor/2024.2/bin32/advixe-runss -dump-vdso -r /home/kian/CS5220/matmul-project/test/e000/hs001 --tmp-dir /tmp/advixe-tmp-kian' returned 1
79 [139889234405056] INFO perfrun.vdso <> - Helper runtool '/opt/intel/oneapi/advisor/2024.2/bin64/advixe-runss -dump-vdso -r /home/kian/CS5220/matmul-project/test/e000/hs001 --tmp-dir /tmp/advixe-tmp-kian' returned 0
79 [139889234405056] INFO perfrun.itt <> - start itt controller for pid #9030
79 [139889234405056] INFO perfrun.tpss <> - start tpss controller for pid #9030
130 [139889383142976] INFO perfrun.launcher <> - Launcher: all plugins were started
130 [139889383142976] INFO perfrun.launcher <> - DirectoryMonitor object was created
130 [139889383142976] INFO perfrun.launcher <> - DirectoryMonitor: a callback was added
130 [139889383142976] INFO perfrun.launcher <> - DirectoryMonitor was started with pingTime = 1000
130 [139889383142976] INFO perfrun.launcher <> - DeadlineTimer is going to be constructed
130 [139889383142976] INFO perfrun.launcher <> - DeadlineTimer: a callback was added
132 [139889383142976] INFO perfrun.launcher <> - Launcher: resume the profiled application and  wait its termination or stop command
37043 [139889383142976] INFO perfrun.launcher <> - Launcher: the profiled application was terminated  with exit code = 0
37045 [139889234405056] INFO perfrun.itt <> - detach itt controller
37045 [139889234405056] INFO perfrun.itt <> - detach itt controller done
37045 [139889234405056] INFO perfrun.tpss <> - stop tpss controller
37045 [139889234405056] INFO perfrun.sdk <> - De-allocating TMU: /home/kian/CS5220/matmul-project/test/e000/hs001/data.0/systemcollector-9012-instance-20240925-034831.sc
37046 [139889234405056] INFO perfrun.system <> - closed the system trace file: /home/kian/CS5220/matmul-project/test/e000/hs001/data.0/systemcollector-9012-instance-20240925-034831.sc
37046 [139889383142976] INFO perfrun.launcher <> - Launcher: all plugins were stopped.
37046 [139889383142976] INFO perfrun.launcher <> - DeadlineTimer is going to be destroyed
37046 [139889383142976] INFO perfrun.launcher <> - DeadlineTimer was destroyed
37046 [139889383142976] INFO perfrun.launcher <> - DirectoryMonitor object was destroyed
37046 [139889383142976] WARN perfrun.launcher <> - Stop command is ignored because it is received when collection is already stopped, at file: vcs/perfrun1/launcher/src/command_handler.cpp:226
37046 [139889383142976] INFO perfrun.launcher <> - Application exit code: 0
37046 [139889383142976] INFO perfrun.launcher <> - Exit code: 0
