0 [140215285233216] INFO perfrun.launcher <> - Launcher main begin
1 [140215285233216] INFO perfrun.launcher <> - MessageCatalogInit finished
1 [140215285233216] INFO perfrun.launcher <> - Launcher instance created
1 [140215285233216] INFO perfrun.launcher <> - argc = 6; cmdline = /opt/intel/oneapi/advisor/2024.2/bin64/advixe-runss -dump-vdso -r /home/kian/CS5220/matmul-project/test/e000/hs001 --tmp-dir /tmp/advixe-tmp-kian 
27 [140215285233216] INFO perfrun.launcher <> - create msngr2::ICliToolContext
27 [140215285233216] INFO perfrun.launcher <> - create file finder object
27 [140215133923008] INFO perfrun.launcher <> - plugin [remoteplug] was disabled because it doesn't support the given collection type.
27 [140215133923008] INFO perfrun.launcher <> - plugin [system] was disabled because it doesn't support the given collection type.
27 [140215133923008] INFO perfrun.vdso <> - dumping [vdso] pseudomodule
28 [140215133923008] INFO perfrun.launcher <> - plugin [itt] was disabled because it doesn't support the given collection type.
28 [140215133923008] INFO perfrun.launcher <> - plugin [] was disabled because it doesn't support the given collection type.
28 [140215133923008] INFO perfrun.launcher <> - plugin [gpu] was disabled because it doesn't support the given collection type.
28 [140215133923008] INFO perfrun.launcher <> - plugin [] was disabled because it doesn't support the given collection type.
28 [140215133923008] INFO perfrun.launcher <> - plugin [] was disabled because it doesn't support the given collection type.
28 [140215133923008] INFO perfrun.launcher <> - plugin [] was disabled because it doesn't support the given collection type.
28 [140215133923008] INFO perfrun.launcher <> - plugin [mrte] was disabled because it doesn't support the given collection type.
28 [140215133923008] INFO perfrun.launcher <> - plugin [] was disabled because it doesn't support the given collection type.
28 [140215133923008] INFO perfrun.launcher <> - plugin [] was disabled because it doesn't support the given collection type.
28 [140215133923008] INFO perfrun.launcher <> - plugin [] was disabled because it doesn't support the given collection type.
28 [140215133923008] INFO perfrun.launcher <> - plugin [] was disabled because it doesn't support the given collection type.
28 [140215133923008] INFO perfrun.launcher <> - plugin [] was disabled because it doesn't support the given collection type.
28 [140215133923008] INFO perfrun.launcher <> - plugin [] was disabled because it doesn't support the given collection type.
28 [140215133923008] INFO perfrun.launcher <> - plugin [] was disabled because it doesn't support the given collection type.
28 [140215133923008] INFO perfrun.launcher <> - plugin [tpss] was disabled because it doesn't support the given collection type.
28 [140215133923008] INFO perfrun.launcher <> - plugin [] was disabled because it doesn't support the given collection type.
28 [140215133923008] INFO perfrun.launcher <> - plugin [] was disabled because it doesn't support the given collection type.
28 [140215133923008] INFO perfrun.launcher <> - plugin [] was disabled because it doesn't support the given collection type.
28 [140215133923008] INFO perfrun.launcher <> - plugin [] was disabled because it doesn't support the given collection type.
28 [140215133923008] INFO perfrun.launcher <> - plugin [] was disabled because it doesn't support the given collection type.
28 [140215133923008] INFO perfrun.launcher <> - plugin [] was disabled because it doesn't support the given collection type.
28 [140215133923008] INFO perfrun.launcher <> - plugin [] was disabled because it doesn't support the given collection type.
28 [140215133923008] INFO perfrun.launcher <> - plugin [] was disabled because it doesn't support the given collection type.
28 [140215133923008] INFO perfrun.launcher <> - plugin [] was disabled because it doesn't support the given collection type.
28 [140215285233216] INFO perfrun.launcher <> - Application exit code: 0
28 [140215285233216] INFO perfrun.launcher <> - Exit code: 0
