
9043 : 0x26fee5e2fd74 : 1 : spill_jit_data :  Jit agent is not initialized
9030 : 0x26fee5e5858a : 2 : ittapi_config_mask_get :  --itt-config mask to be applied: 183
9030 : 0x26fee5e5aee2 : 2 : ittapi_config_apply_per_lib :  ITTAPI function instrumented: __itt_domain_create
9030 : 0x26fee5e5bbde : 2 : ittapi_config_apply_per_lib :  ITTAPI function instrumented: __itt_module_load_with_sections
9030 : 0x26fee5e5cd82 : 2 : ittapi_config_apply_per_lib :  ITTAPI function not implemented: __itt_module_unload_with_sections
9030 : 0x26fee5e5dbdc : 2 : ittapi_config_apply_per_lib :  ITTAPI function instrumented: __itt_string_handle_create
9030 : 0x26fee5e5e62a : 2 : ittapi_config_apply_per_lib :  ITTAPI function instrumented: __itt_counter_create
9030 : 0x26fee5e5edf0 : 2 : ittapi_config_apply_per_lib :  ITTAPI function instrumented: __itt_counter_create_typed
9030 : 0x26fee5e5f4f8 : 2 : ittapi_config_apply_per_lib :  ITTAPI function instrumented: __itt_pause
9030 : 0x26fee5e5fd28 : 2 : ittapi_config_apply_per_lib :  ITTAPI function instrumented: __itt_resume
9030 : 0x26fee5e687e4 : 2 : ittapi_config_apply_per_lib :  ITTAPI function not implemented: __itt_pause_scoped
9030 : 0x26fee5e69406 : 2 : ittapi_config_apply_per_lib :  ITTAPI function not implemented: __itt_resume_scoped
9030 : 0x26fee5e69aaa : 2 : ittapi_config_apply_per_lib :  ITTAPI function instrumented: __itt_thread_set_name
9030 : 0x26fee5e6a0a0 : 2 : ittapi_config_apply_per_lib :  ITTAPI function instrumented: __itt_thread_ignore
9030 : 0x26fee5e6a6a8 : 2 : ittapi_config_apply_per_lib :  ITTAPI function instrumented: __itt_thr_name_set
9030 : 0x26fee5e6ad5e : 2 : ittapi_config_apply_per_lib :  ITTAPI function instrumented: __itt_thr_ignore
9030 : 0x26fee5e6b4e6 : 2 : ittapi_config_apply_per_lib :  ITTAPI function instrumented: __itt_histogram_create
9030 : 0x26fee5e6baca : 2 : ittapi_config_apply_per_lib :  ITTAPI function instrumented: __itt_counter_create_v3
9030 : 0x26fee5e6c210 : 2 : ittapi_config_apply_per_lib :  ITTAPI function instrumented: __itt_bind_context_metadata_to_counter
9030 : 0x26fee5e6c990 : 2 : ittapi_config_apply_per_lib :  ITTAPI function not implemented: __itt_enable_attach
9030 : 0x26fee5e6f5ce : 2 : ittapi_config_apply_per_lib :  ITTAPI function instrumented: __itt_detach
9030 : 0x26fee5e6fb76 : 2 : ittapi_config_apply_per_lib :  ITTAPI function NOT instrumented (not matched by --itt-config option): __itt_sync_create

9030 : 0x26fee5e70236 : 2 : ittapi_config_apply_per_lib :  ITTAPI function NOT instrumented (not matched by --itt-config option): __itt_sync_rename

9030 : 0x26fee5e70770 : 2 : ittapi_config_apply_per_lib :  ITTAPI function NOT instrumented (not matched by --itt-config option): __itt_sync_destroy

9030 : 0x26fee5e70bf8 : 2 : ittapi_config_apply_per_lib :  ITTAPI function NOT instrumented (not matched by --itt-config option): __itt_sync_prepare

9030 : 0x26fee5e70fc6 : 2 : ittapi_config_apply_per_lib :  ITTAPI function NOT instrumented (not matched by --itt-config option): __itt_sync_cancel

9030 : 0x26fee5e7131e : 2 : ittapi_config_apply_per_lib :  ITTAPI function NOT instrumented (not matched by --itt-config option): __itt_sync_acquired

9030 : 0x26fee5e71682 : 2 : ittapi_config_apply_per_lib :  ITTAPI function NOT instrumented (not matched by --itt-config option): __itt_sync_releasing

9030 : 0x26fee5e71e38 : 2 : ittapi_config_apply_per_lib :  ITTAPI function not implemented: __itt_suppress_push
9030 : 0x26fee5e725f0 : 2 : ittapi_config_apply_per_lib :  ITTAPI function not implemented: __itt_suppress_pop
9030 : 0x26fee5e74ac2 : 2 : ittapi_config_apply_per_lib :  ITTAPI function not implemented: __itt_suppress_mark_range
9030 : 0x26fee5e75326 : 2 : ittapi_config_apply_per_lib :  ITTAPI function not implemented: __itt_suppress_clear_range
9030 : 0x26fee5e757ba : 2 : ittapi_config_apply_per_lib :  ITTAPI function NOT instrumented (not matched by --itt-config option): __itt_sync_prepare

9030 : 0x26fee5e75c08 : 2 : ittapi_config_apply_per_lib :  ITTAPI function NOT instrumented (not matched by --itt-config option): __itt_sync_cancel

9030 : 0x26fee5e76080 : 2 : ittapi_config_apply_per_lib :  ITTAPI function NOT instrumented (not matched by --itt-config option): __itt_sync_acquired

9030 : 0x26fee5e7649c : 2 : ittapi_config_apply_per_lib :  ITTAPI function NOT instrumented (not matched by --itt-config option): __itt_sync_releasing

9030 : 0x26fee5e76f2a : 2 : ittapi_config_apply_per_lib :  ITTAPI function instrumented: __itt_model_site_begin
9030 : 0x26fee5e777ce : 2 : ittapi_config_apply_per_lib :  ITTAPI function instrumented: __itt_model_site_end
9030 : 0x26fee5e77e3c : 2 : ittapi_config_apply_per_lib :  ITTAPI function instrumented: __itt_model_task_begin
9030 : 0x26fee5e7855a : 2 : ittapi_config_apply_per_lib :  ITTAPI function instrumented: __itt_model_task_end
9030 : 0x26fee5e7d14e : 2 : ittapi_config_apply_per_lib :  ITTAPI function instrumented: __itt_model_lock_acquire
9030 : 0x26fee5e7d812 : 2 : ittapi_config_apply_per_lib :  ITTAPI function instrumented: __itt_model_lock_release
9030 : 0x26fee5e7e088 : 2 : ittapi_config_apply_per_lib :  ITTAPI function not implemented: __itt_model_record_allocation
9030 : 0x26fee5e7e926 : 2 : ittapi_config_apply_per_lib :  ITTAPI function not implemented: __itt_model_record_deallocation
9030 : 0x26fee5e7f1ca : 2 : ittapi_config_apply_per_lib :  ITTAPI function not implemented: __itt_model_induction_uses
9030 : 0x26fee5e7f9fc : 2 : ittapi_config_apply_per_lib :  ITTAPI function not implemented: __itt_model_reduction_uses
9030 : 0x26fee5e801de : 2 : ittapi_config_apply_per_lib :  ITTAPI function not implemented: __itt_model_observe_uses
9030 : 0x26fee5e80a74 : 2 : ittapi_config_apply_per_lib :  ITTAPI function not implemented: __itt_model_clear_uses
9030 : 0x26fee5e812d4 : 2 : ittapi_config_apply_per_lib :  ITTAPI function instrumented: __itt_model_site_beginA
9030 : 0x26fee5e81a08 : 2 : ittapi_config_apply_per_lib :  ITTAPI function instrumented: __itt_model_site_beginAL
9030 : 0x26fee5e843a4 : 2 : ittapi_config_apply_per_lib :  ITTAPI function instrumented: __itt_model_task_beginA
9030 : 0x26fee5e84a96 : 2 : ittapi_config_apply_per_lib :  ITTAPI function instrumented: __itt_model_task_beginAL
9030 : 0x26fee5e8516e : 2 : ittapi_config_apply_per_lib :  ITTAPI function instrumented: __itt_model_iteration_taskA
9030 : 0x26fee5e858ac : 2 : ittapi_config_apply_per_lib :  ITTAPI function instrumented: __itt_model_iteration_taskAL
9030 : 0x26fee5e85fc6 : 2 : ittapi_config_apply_per_lib :  ITTAPI function instrumented: __itt_model_site_end_2
9030 : 0x26fee5e866b4 : 2 : ittapi_config_apply_per_lib :  ITTAPI function instrumented: __itt_model_task_end_2
9030 : 0x26fee5e86d54 : 2 : ittapi_config_apply_per_lib :  ITTAPI function instrumented: __itt_model_lock_acquire_2
9030 : 0x26fee5e874ca : 2 : ittapi_config_apply_per_lib :  ITTAPI function instrumented: __itt_model_lock_release_2
9030 : 0x26fee5e87b4c : 2 : ittapi_config_apply_per_lib :  ITTAPI function instrumented: __itt_model_aggregate_task
9030 : 0x26fee5e882ae : 2 : ittapi_config_apply_per_lib :  ITTAPI function instrumented: __itt_model_disable_push
9030 : 0x26fee5e8a960 : 2 : ittapi_config_apply_per_lib :  ITTAPI function instrumented: __itt_model_disable_pop
9030 : 0x26fee5e8b022 : 2 : ittapi_config_apply_per_lib :  ITTAPI function instrumented: __itt_heap_function_create
9030 : 0x26fee5e8b750 : 2 : ittapi_config_apply_per_lib :  ITTAPI function instrumented: __itt_heap_allocate_begin
9030 : 0x26fee5e8bda0 : 2 : ittapi_config_apply_per_lib :  ITTAPI function instrumented: __itt_heap_allocate_end
9030 : 0x26fee5e8c422 : 2 : ittapi_config_apply_per_lib :  ITTAPI function instrumented: __itt_heap_free_begin
9030 : 0x26fee5e8ca88 : 2 : ittapi_config_apply_per_lib :  ITTAPI function instrumented: __itt_heap_free_end
9030 : 0x26fee5e8d140 : 2 : ittapi_config_apply_per_lib :  ITTAPI function instrumented: __itt_heap_reallocate_begin
9030 : 0x26fee5e8d796 : 2 : ittapi_config_apply_per_lib :  ITTAPI function instrumented: __itt_heap_reallocate_end
9030 : 0x26fee5e8df52 : 2 : ittapi_config_apply_per_lib :  ITTAPI function not implemented: __itt_heap_internal_access_begin
9030 : 0x26fee5e8e7e4 : 2 : ittapi_config_apply_per_lib :  ITTAPI function not implemented: __itt_heap_internal_access_end
9030 : 0x26fee5e92432 : 2 : ittapi_config_apply_per_lib :  ITTAPI function not implemented: __itt_heap_record_memory_growth_begin
9030 : 0x26fee5e92ccc : 2 : ittapi_config_apply_per_lib :  ITTAPI function not implemented: __itt_heap_record_memory_growth_end
9030 : 0x26fee5e93506 : 2 : ittapi_config_apply_per_lib :  ITTAPI function not implemented: __itt_heap_reset_detection
9030 : 0x26fee5e93e02 : 2 : ittapi_config_apply_per_lib :  ITTAPI function not implemented: __itt_heap_record
9030 : 0x26fee5e94766 : 2 : ittapi_config_apply_per_lib :  ITTAPI function not implemented: __itt_id_create
9030 : 0x26fee5e95036 : 2 : ittapi_config_apply_per_lib :  ITTAPI function not implemented: __itt_id_destroy
9030 : 0x26fee5e9576e : 2 : ittapi_config_apply_per_lib :  ITTAPI function instrumented: __itt_get_timestamp
9030 : 0x26fee5e95f78 : 2 : ittapi_config_apply_per_lib :  ITTAPI function not implemented: __itt_region_begin
9030 : 0x26fee5e96760 : 2 : ittapi_config_apply_per_lib :  ITTAPI function not implemented: __itt_region_end
9030 : 0x26fee5e96ece : 2 : ittapi_config_apply_per_lib :  ITTAPI function instrumented: __itt_frame_begin_v3
9030 : 0x26fee5e99738 : 2 : ittapi_config_apply_per_lib :  ITTAPI function instrumented: __itt_frame_end_v3
9030 : 0x26fee5e99ea2 : 2 : ittapi_config_apply_per_lib :  ITTAPI function instrumented: __itt_frame_submit_v3
9030 : 0x26fee5e9a6c8 : 2 : ittapi_config_apply_per_lib :  ITTAPI function not implemented: __itt_task_group
9030 : 0x26fee5e9ae62 : 2 : ittapi_config_apply_per_lib :  ITTAPI function instrumented: __itt_task_begin
9030 : 0x26fee5e9b69e : 2 : ittapi_config_apply_per_lib :  ITTAPI function instrumented: __itt_task_begin_fn
9030 : 0x26fee5e9bca4 : 2 : ittapi_config_apply_per_lib :  ITTAPI function instrumented: __itt_task_end
9030 : 0x26fee5e9c4b6 : 2 : ittapi_config_apply_per_lib :  ITTAPI function not implemented: __itt_counter_inc_v3
9030 : 0x26fee5e9cdba : 2 : ittapi_config_apply_per_lib :  ITTAPI function not implemented: __itt_counter_inc_delta_v3
9030 : 0x26fee5e9d58e : 2 : ittapi_config_apply_per_lib :  ITTAPI function not implemented: __itt_counter_dec_v3
9030 : 0x26fee5e9dd00 : 2 : ittapi_config_apply_per_lib :  ITTAPI function not implemented: __itt_counter_dec_delta_v3
9030 : 0x26fee5ea0bb8 : 2 : ittapi_config_apply_per_lib :  ITTAPI function not implemented: __itt_marker
9030 : 0x26fee5ea1350 : 2 : ittapi_config_apply_per_lib :  ITTAPI function instrumented: __itt_metadata_add
9030 : 0x26fee5ea1c22 : 2 : ittapi_config_apply_per_lib :  ITTAPI function not implemented: __itt_metadata_str_add
9030 : 0x26fee5ea248e : 2 : ittapi_config_apply_per_lib :  ITTAPI function not implemented: __itt_relation_add_to_current
9030 : 0x26fee5ea2caa : 2 : ittapi_config_apply_per_lib :  ITTAPI function not implemented: __itt_relation_add
9030 : 0x26fee5ea3458 : 2 : ittapi_config_apply_per_lib :  ITTAPI function instrumented: __itt_event_create
9030 : 0x26fee5ea3cae : 2 : ittapi_config_apply_per_lib :  ITTAPI function instrumented: __itt_event_start
9030 : 0x26fee5ea4338 : 2 : ittapi_config_apply_per_lib :  ITTAPI function instrumented: __itt_event_end
9030 : 0x26fee5ea486c : 2 : ittapi_config_apply_per_lib :  ITTAPI function NOT instrumented (not matched by --itt-config option): __itt_sync_set_name

9030 : 0x26fee5ea4dbe : 2 : ittapi_config_apply_per_lib :  ITTAPI function NOT instrumented (not matched by --itt-config option): __itt_notify_sync_name

9030 : 0x26fee5ea7290 : 2 : ittapi_config_apply_per_lib :  ITTAPI function NOT instrumented (not matched by --itt-config option): __itt_notify_sync_prepare

9030 : 0x26fee5ea78e8 : 2 : ittapi_config_apply_per_lib :  ITTAPI function NOT instrumented (not matched by --itt-config option): __itt_notify_sync_cancel

9030 : 0x26fee5ea7f1a : 2 : ittapi_config_apply_per_lib :  ITTAPI function NOT instrumented (not matched by --itt-config option): __itt_notify_sync_acquired

9030 : 0x26fee5ea83e4 : 2 : ittapi_config_apply_per_lib :  ITTAPI function NOT instrumented (not matched by --itt-config option): __itt_notify_sync_releasing

9030 : 0x26fee5ea8cc2 : 2 : ittapi_config_apply_per_lib :  ITTAPI function not implemented: __itt_memory_read
9030 : 0x26fee5ea95be : 2 : ittapi_config_apply_per_lib :  ITTAPI function not implemented: __itt_memory_write
9030 : 0x26fee5ea9dd2 : 2 : ittapi_config_apply_per_lib :  ITTAPI function not implemented: __itt_memory_update
9030 : 0x26fee5eaa5d4 : 2 : ittapi_config_apply_per_lib :  ITTAPI function not implemented: __itt_state_get
9030 : 0x26fee5eaad40 : 2 : ittapi_config_apply_per_lib :  ITTAPI function not implemented: __itt_state_set
9030 : 0x26fee5eab4e0 : 2 : ittapi_config_apply_per_lib :  ITTAPI function not implemented: __itt_obj_mode_set
9030 : 0x26fee5eaf02a : 2 : ittapi_config_apply_per_lib :  ITTAPI function not implemented: __itt_thr_mode_set
9030 : 0x26fee5eaf884 : 2 : ittapi_config_apply_per_lib :  ITTAPI function instrumented: __itt_frame_create
9030 : 0x26fee5eaffa4 : 2 : ittapi_config_apply_per_lib :  ITTAPI function instrumented: __itt_pt_region_create
9030 : 0x26fee5eb0710 : 2 : ittapi_config_apply_per_lib :  ITTAPI function instrumented: __itt_frame_begin
9030 : 0x26fee5eb0e96 : 2 : ittapi_config_apply_per_lib :  ITTAPI function instrumented: __itt_frame_end
9030 : 0x26fee5eb16d0 : 2 : ittapi_config_apply_per_lib :  ITTAPI function not implemented: __itt_counter_destroy
9030 : 0x26fee5eb1e44 : 2 : ittapi_config_apply_per_lib :  ITTAPI function instrumented: __itt_counter_inc
9030 : 0x26fee5eb2526 : 2 : ittapi_config_apply_per_lib :  ITTAPI function instrumented: __itt_counter_inc_delta
9030 : 0x26fee5eb2c0e : 2 : ittapi_config_apply_per_lib :  ITTAPI function instrumented: __itt_counter_dec
9030 : 0x26fee5eb32a0 : 2 : ittapi_config_apply_per_lib :  ITTAPI function instrumented: __itt_counter_dec_delta
9030 : 0x26fee5eb5ade : 2 : ittapi_config_apply_per_lib :  ITTAPI function instrumented: __itt_counter_set_value
9030 : 0x26fee5eb6338 : 2 : ittapi_config_apply_per_lib :  ITTAPI function not implemented: __itt_counter_set_value_ex
9030 : 0x26fee5eb6bae : 2 : ittapi_config_apply_per_lib :  ITTAPI function not implemented: __itt_mark_create
9030 : 0x26fee5eb73dc : 2 : ittapi_config_apply_per_lib :  ITTAPI function not implemented: __itt_mark
9030 : 0x26fee5eb7cc2 : 2 : ittapi_config_apply_per_lib :  ITTAPI function not implemented: __itt_mark_off
9030 : 0x26fee5eb84b6 : 2 : ittapi_config_apply_per_lib :  ITTAPI function not implemented: __itt_mark_global
9030 : 0x26fee5eb8c4e : 2 : ittapi_config_apply_per_lib :  ITTAPI function not implemented: __itt_mark_global_off
9030 : 0x26fee5eb94ae : 2 : ittapi_config_apply_per_lib :  ITTAPI function instrumented: __itt_stack_caller_create
9030 : 0x26fee5eb9b46 : 2 : ittapi_config_apply_per_lib :  ITTAPI function instrumented: __itt_stack_caller_destroy
9030 : 0x26fee5eba1e6 : 2 : ittapi_config_apply_per_lib :  ITTAPI function instrumented: __itt_stack_callee_enter
9030 : 0x26fee5ebc88c : 2 : ittapi_config_apply_per_lib :  ITTAPI function instrumented: __itt_stack_callee_leave
9030 : 0x26fee5ebd102 : 2 : ittapi_config_apply_per_lib :  ITTAPI function not implemented: __itt_clock_domain_create
9030 : 0x26fee5ebd91a : 2 : ittapi_config_apply_per_lib :  ITTAPI function not implemented: __itt_clock_domain_reset
9030 : 0x26fee5ebe104 : 2 : ittapi_config_apply_per_lib :  ITTAPI function not implemented: __itt_id_create_ex
9030 : 0x26fee5ebe8be : 2 : ittapi_config_apply_per_lib :  ITTAPI function not implemented: __itt_id_destroy_ex
9030 : 0x26fee5ebf16c : 2 : ittapi_config_apply_per_lib :  ITTAPI function not implemented: __itt_task_begin_ex
9030 : 0x26fee5ebf9ae : 2 : ittapi_config_apply_per_lib :  ITTAPI function not implemented: __itt_task_begin_fn_ex
9030 : 0x26fee5ec019e : 2 : ittapi_config_apply_per_lib :  ITTAPI function not implemented: __itt_task_end_ex
9030 : 0x26fee5ec0938 : 2 : ittapi_config_apply_per_lib :  ITTAPI function instrumented: __itt_task_begin_overlapped
9030 : 0x26fee5ec1206 : 2 : ittapi_config_apply_per_lib :  ITTAPI function not implemented: __itt_task_begin_overlapped_ex
9030 : 0x26fee5ec4c7c : 2 : ittapi_config_apply_per_lib :  ITTAPI function instrumented: __itt_task_end_overlapped
9030 : 0x26fee5ec556c : 2 : ittapi_config_apply_per_lib :  ITTAPI function not implemented: __itt_task_end_overlapped_ex
9030 : 0x26fee5ec5dc6 : 2 : ittapi_config_apply_per_lib :  ITTAPI function not implemented: __itt_marker_ex
9030 : 0x26fee5ec665c : 2 : ittapi_config_apply_per_lib :  ITTAPI function not implemented: __itt_metadata_add_with_scope
9030 : 0x26fee5ec6ece : 2 : ittapi_config_apply_per_lib :  ITTAPI function not implemented: __itt_metadata_str_add_with_scope
9030 : 0x26fee5ec770a : 2 : ittapi_config_apply_per_lib :  ITTAPI function not implemented: __itt_relation_add_to_current_ex
9030 : 0x26fee5ec7ea8 : 2 : ittapi_config_apply_per_lib :  ITTAPI function not implemented: __itt_relation_add_ex
9030 : 0x26fee5ec8764 : 2 : ittapi_config_apply_per_lib :  ITTAPI function not implemented: __itt_track_group_create
9030 : 0x26fee5ec8f1c : 2 : ittapi_config_apply_per_lib :  ITTAPI function not implemented: __itt_track_create
9030 : 0x26fee5ec96d6 : 2 : ittapi_config_apply_per_lib :  ITTAPI function not implemented: __itt_set_track
9030 : 0x26fee5ecc486 : 2 : ittapi_config_apply_per_lib :  ITTAPI function instrumented: __itt_api_version
9030 : 0x26fee5eccd2a : 2 : ittapi_config_apply_per_lib :  ITTAPI function not implemented: __itt_av_save
9030 : 0x26fee5ecd492 : 2 : ittapi_config_apply_per_lib :  ITTAPI function instrumented: __itt_module_load
9030 : 0x26fee5ecdc98 : 2 : ittapi_config_apply_per_lib :  ITTAPI function not implemented: __itt_module_unload
9030 : 0x26fee5ece25c : 2 : ittapi_config_apply_per_lib :  ITTAPI function NOT instrumented (not matched by --itt-config option): __itt_histogram_submit

9030 : 0x26fee5ecea34 : 2 : ittapi_config_apply_per_lib :  ITTAPI function instrumented: __itt_counter_set_value_v3
9030 : 0x26fef563b678 : 2 : ittapi_config_mask_get :  --itt-config mask to be applied: 183
9030 : 0x26fef563d93e : 2 : ittapi_config_apply_per_lib :  ITTAPI function instrumented: __itt_domain_create
9030 : 0x26fef563e654 : 2 : ittapi_config_apply_per_lib :  ITTAPI function instrumented: __itt_module_load_with_sections
9030 : 0x26fef563effc : 2 : ittapi_config_apply_per_lib :  ITTAPI function not implemented: __itt_module_unload_with_sections
9030 : 0x26fef56498e0 : 2 : ittapi_config_apply_per_lib :  ITTAPI function instrumented: __itt_string_handle_create
9030 : 0x26fef564a59a : 2 : ittapi_config_apply_per_lib :  ITTAPI function instrumented: __itt_counter_create
9030 : 0x26fef564adda : 2 : ittapi_config_apply_per_lib :  ITTAPI function instrumented: __itt_counter_create_typed
9030 : 0x26fef564b4e6 : 2 : ittapi_config_apply_per_lib :  ITTAPI function instrumented: __itt_pause
9030 : 0x26fef564bd78 : 2 : ittapi_config_apply_per_lib :  ITTAPI function instrumented: __itt_resume
9030 : 0x26fef564c4fa : 2 : ittapi_config_apply_per_lib :  ITTAPI function not implemented: __itt_pause_scoped
9030 : 0x26fef564ce00 : 2 : ittapi_config_apply_per_lib :  ITTAPI function not implemented: __itt_resume_scoped
9030 : 0x26fef564d4da : 2 : ittapi_config_apply_per_lib :  ITTAPI function instrumented: __itt_thread_set_name
9030 : 0x26fef564da98 : 2 : ittapi_config_apply_per_lib :  ITTAPI function instrumented: __itt_thread_ignore
9030 : 0x26fef564e71a : 2 : ittapi_config_apply_per_lib :  ITTAPI function instrumented: __itt_thr_name_set
9030 : 0x26fef565184e : 2 : ittapi_config_apply_per_lib :  ITTAPI function instrumented: __itt_thr_ignore
9030 : 0x26fef5651ffa : 2 : ittapi_config_apply_per_lib :  ITTAPI function instrumented: __itt_histogram_create
9030 : 0x26fef565263e : 2 : ittapi_config_apply_per_lib :  ITTAPI function instrumented: __itt_counter_create_v3
9030 : 0x26fef5652e48 : 2 : ittapi_config_apply_per_lib :  ITTAPI function instrumented: __itt_bind_context_metadata_to_counter
9030 : 0x26fef56536cc : 2 : ittapi_config_apply_per_lib :  ITTAPI function not implemented: __itt_enable_attach
9030 : 0x26fef5653cee : 2 : ittapi_config_apply_per_lib :  ITTAPI function instrumented: __itt_detach
9030 : 0x26fef5654414 : 2 : ittapi_config_apply_per_lib :  ITTAPI function NOT instrumented (not matched by --itt-config option): __itt_sync_create

9030 : 0x26fef56549a6 : 2 : ittapi_config_apply_per_lib :  ITTAPI function NOT instrumented (not matched by --itt-config option): __itt_sync_rename

9030 : 0x26fef5654dea : 2 : ittapi_config_apply_per_lib :  ITTAPI function NOT instrumented (not matched by --itt-config option): __itt_sync_destroy

9030 : 0x26fef5655246 : 2 : ittapi_config_apply_per_lib :  ITTAPI function NOT instrumented (not matched by --itt-config option): __itt_sync_prepare

9030 : 0x26fef5659f76 : 2 : ittapi_config_apply_per_lib :  ITTAPI function NOT instrumented (not matched by --itt-config option): __itt_sync_cancel

9030 : 0x26fef565a410 : 2 : ittapi_config_apply_per_lib :  ITTAPI function NOT instrumented (not matched by --itt-config option): __itt_sync_acquired

9030 : 0x26fef565a836 : 2 : ittapi_config_apply_per_lib :  ITTAPI function NOT instrumented (not matched by --itt-config option): __itt_sync_releasing

9030 : 0x26fef565b0f0 : 2 : ittapi_config_apply_per_lib :  ITTAPI function not implemented: __itt_suppress_push
9030 : 0x26fef565b8ba : 2 : ittapi_config_apply_per_lib :  ITTAPI function not implemented: __itt_suppress_pop
9030 : 0x26fef565c086 : 2 : ittapi_config_apply_per_lib :  ITTAPI function not implemented: __itt_suppress_mark_range
9030 : 0x26fef565c7f8 : 2 : ittapi_config_apply_per_lib :  ITTAPI function not implemented: __itt_suppress_clear_range
9030 : 0x26fef565cbd2 : 2 : ittapi_config_apply_per_lib :  ITTAPI function NOT instrumented (not matched by --itt-config option): __itt_sync_prepare

9030 : 0x26fef565d026 : 2 : ittapi_config_apply_per_lib :  ITTAPI function NOT instrumented (not matched by --itt-config option): __itt_sync_cancel

9030 : 0x26fef565d44a : 2 : ittapi_config_apply_per_lib :  ITTAPI function NOT instrumented (not matched by --itt-config option): __itt_sync_acquired

9030 : 0x26fef565f5a8 : 2 : ittapi_config_apply_per_lib :  ITTAPI function NOT instrumented (not matched by --itt-config option): __itt_sync_releasing

9030 : 0x26fef565fdb8 : 2 : ittapi_config_apply_per_lib :  ITTAPI function instrumented: __itt_model_site_begin
9030 : 0x26fef566046a : 2 : ittapi_config_apply_per_lib :  ITTAPI function instrumented: __itt_model_site_end
9030 : 0x26fef5660b5e : 2 : ittapi_config_apply_per_lib :  ITTAPI function instrumented: __itt_model_task_begin
9030 : 0x26fef56611b6 : 2 : ittapi_config_apply_per_lib :  ITTAPI function instrumented: __itt_model_task_end
9030 : 0x26fef56617a6 : 2 : ittapi_config_apply_per_lib :  ITTAPI function instrumented: __itt_model_lock_acquire
9030 : 0x26fef5661e44 : 2 : ittapi_config_apply_per_lib :  ITTAPI function instrumented: __itt_model_lock_release
9030 : 0x26fef5662664 : 2 : ittapi_config_apply_per_lib :  ITTAPI function not implemented: __itt_model_record_allocation
9030 : 0x26fef5662e98 : 2 : ittapi_config_apply_per_lib :  ITTAPI function not implemented: __itt_model_record_deallocation
9030 : 0x26fef5663694 : 2 : ittapi_config_apply_per_lib :  ITTAPI function not implemented: __itt_model_induction_uses
9030 : 0x26fef5665f92 : 2 : ittapi_config_apply_per_lib :  ITTAPI function not implemented: __itt_model_reduction_uses
9030 : 0x26fef566680a : 2 : ittapi_config_apply_per_lib :  ITTAPI function not implemented: __itt_model_observe_uses
9030 : 0x26fef5667098 : 2 : ittapi_config_apply_per_lib :  ITTAPI function not implemented: __itt_model_clear_uses
9030 : 0x26fef5667826 : 2 : ittapi_config_apply_per_lib :  ITTAPI function instrumented: __itt_model_site_beginA
9030 : 0x26fef5667ed6 : 2 : ittapi_config_apply_per_lib :  ITTAPI function instrumented: __itt_model_site_beginAL
9030 : 0x26fef566860e : 2 : ittapi_config_apply_per_lib :  ITTAPI function instrumented: __itt_model_task_beginA
9030 : 0x26fef5668c80 : 2 : ittapi_config_apply_per_lib :  ITTAPI function instrumented: __itt_model_task_beginAL
9030 : 0x26fef566936e : 2 : ittapi_config_apply_per_lib :  ITTAPI function instrumented: __itt_model_iteration_taskA
9030 : 0x26fef56699ca : 2 : ittapi_config_apply_per_lib :  ITTAPI function instrumented: __itt_model_iteration_taskAL
9030 : 0x26fef566a0ac : 2 : ittapi_config_apply_per_lib :  ITTAPI function instrumented: __itt_model_site_end_2
9030 : 0x26fef566dc92 : 2 : ittapi_config_apply_per_lib :  ITTAPI function instrumented: __itt_model_task_end_2
9030 : 0x26fef566e3ac : 2 : ittapi_config_apply_per_lib :  ITTAPI function instrumented: __itt_model_lock_acquire_2
9030 : 0x26fef566ebb2 : 2 : ittapi_config_apply_per_lib :  ITTAPI function instrumented: __itt_model_lock_release_2
9030 : 0x26fef566f242 : 2 : ittapi_config_apply_per_lib :  ITTAPI function instrumented: __itt_model_aggregate_task
9030 : 0x26fef566f920 : 2 : ittapi_config_apply_per_lib :  ITTAPI function instrumented: __itt_model_disable_push
9030 : 0x26fef566ffc4 : 2 : ittapi_config_apply_per_lib :  ITTAPI function instrumented: __itt_model_disable_pop
9030 : 0x26fef567063a : 2 : ittapi_config_apply_per_lib :  ITTAPI function instrumented: __itt_heap_function_create
9030 : 0x26fef5670d28 : 2 : ittapi_config_apply_per_lib :  ITTAPI function instrumented: __itt_heap_allocate_begin
9030 : 0x26fef56712d0 : 2 : ittapi_config_apply_per_lib :  ITTAPI function instrumented: __itt_heap_allocate_end
9030 : 0x26fef56718a2 : 2 : ittapi_config_apply_per_lib :  ITTAPI function instrumented: __itt_heap_free_begin
9030 : 0x26fef5673ff2 : 2 : ittapi_config_apply_per_lib :  ITTAPI function instrumented: __itt_heap_free_end
9030 : 0x26fef56746f4 : 2 : ittapi_config_apply_per_lib :  ITTAPI function instrumented: __itt_heap_reallocate_begin
9030 : 0x26fef5674d96 : 2 : ittapi_config_apply_per_lib :  ITTAPI function instrumented: __itt_heap_reallocate_end
9030 : 0x26fef5675610 : 2 : ittapi_config_apply_per_lib :  ITTAPI function not implemented: __itt_heap_internal_access_begin
9030 : 0x26fef5675efc : 2 : ittapi_config_apply_per_lib :  ITTAPI function not implemented: __itt_heap_internal_access_end
9030 : 0x26fef5676774 : 2 : ittapi_config_apply_per_lib :  ITTAPI function not implemented: __itt_heap_record_memory_growth_begin
9030 : 0x26fef567702c : 2 : ittapi_config_apply_per_lib :  ITTAPI function not implemented: __itt_heap_record_memory_growth_end
9030 : 0x26fef5677870 : 2 : ittapi_config_apply_per_lib :  ITTAPI function not implemented: __itt_heap_reset_detection
9030 : 0x26fef5678158 : 2 : ittapi_config_apply_per_lib :  ITTAPI function not implemented: __itt_heap_record
9030 : 0x26fef56789f8 : 2 : ittapi_config_apply_per_lib :  ITTAPI function not implemented: __itt_id_create
9030 : 0x26fef567b278 : 2 : ittapi_config_apply_per_lib :  ITTAPI function not implemented: __itt_id_destroy
9030 : 0x26fef567ba0c : 2 : ittapi_config_apply_per_lib :  ITTAPI function instrumented: __itt_get_timestamp
9030 : 0x26fef567c20e : 2 : ittapi_config_apply_per_lib :  ITTAPI function not implemented: __itt_region_begin
9030 : 0x26fef567ca14 : 2 : ittapi_config_apply_per_lib :  ITTAPI function not implemented: __itt_region_end
9030 : 0x26fef567d25c : 2 : ittapi_config_apply_per_lib :  ITTAPI function instrumented: __itt_frame_begin_v3
9030 : 0x26fef567da26 : 2 : ittapi_config_apply_per_lib :  ITTAPI function instrumented: __itt_frame_end_v3
9030 : 0x26fef567e152 : 2 : ittapi_config_apply_per_lib :  ITTAPI function instrumented: __itt_frame_submit_v3
9030 : 0x26fef567e988 : 2 : ittapi_config_apply_per_lib :  ITTAPI function not implemented: __itt_task_group
9030 : 0x26fef567f190 : 2 : ittapi_config_apply_per_lib :  ITTAPI function instrumented: __itt_task_begin
9030 : 0x26fef567f98a : 2 : ittapi_config_apply_per_lib :  ITTAPI function instrumented: __itt_task_begin_fn
9030 : 0x26fef5681d8e : 2 : ittapi_config_apply_per_lib :  ITTAPI function instrumented: __itt_task_end
9030 : 0x26fef56824de : 2 : ittapi_config_apply_per_lib :  ITTAPI function not implemented: __itt_counter_inc_v3
9030 : 0x26fef5682dcc : 2 : ittapi_config_apply_per_lib :  ITTAPI function not implemented: __itt_counter_inc_delta_v3
9030 : 0x26fef5683594 : 2 : ittapi_config_apply_per_lib :  ITTAPI function not implemented: __itt_counter_dec_v3
9030 : 0x26fef5683d54 : 2 : ittapi_config_apply_per_lib :  ITTAPI function not implemented: __itt_counter_dec_delta_v3
9030 : 0x26fef5684656 : 2 : ittapi_config_apply_per_lib :  ITTAPI function not implemented: __itt_marker
9030 : 0x26fef5684dbe : 2 : ittapi_config_apply_per_lib :  ITTAPI function instrumented: __itt_metadata_add
9030 : 0x26fef5685646 : 2 : ittapi_config_apply_per_lib :  ITTAPI function not implemented: __itt_metadata_str_add
9030 : 0x26fef5685ece : 2 : ittapi_config_apply_per_lib :  ITTAPI function not implemented: __itt_relation_add_to_current
9030 : 0x26fef56866ae : 2 : ittapi_config_apply_per_lib :  ITTAPI function not implemented: __itt_relation_add
9030 : 0x26fef568a110 : 2 : ittapi_config_apply_per_lib :  ITTAPI function instrumented: __itt_event_create
9030 : 0x26fef568a986 : 2 : ittapi_config_apply_per_lib :  ITTAPI function instrumented: __itt_event_start
9030 : 0x26fef568b04c : 2 : ittapi_config_apply_per_lib :  ITTAPI function instrumented: __itt_event_end
9030 : 0x26fef568b5e0 : 2 : ittapi_config_apply_per_lib :  ITTAPI function NOT instrumented (not matched by --itt-config option): __itt_sync_set_name

9030 : 0x26fef568bb80 : 2 : ittapi_config_apply_per_lib :  ITTAPI function NOT instrumented (not matched by --itt-config option): __itt_notify_sync_name

9030 : 0x26fef568c0f8 : 2 : ittapi_config_apply_per_lib :  ITTAPI function NOT instrumented (not matched by --itt-config option): __itt_notify_sync_prepare

9030 : 0x26fef568c6ae : 2 : ittapi_config_apply_per_lib :  ITTAPI function NOT instrumented (not matched by --itt-config option): __itt_notify_sync_cancel

9030 : 0x26fef568cccc : 2 : ittapi_config_apply_per_lib :  ITTAPI function NOT instrumented (not matched by --itt-config option): __itt_notify_sync_acquired

9030 : 0x26fef568d1d8 : 2 : ittapi_config_apply_per_lib :  ITTAPI function NOT instrumented (not matched by --itt-config option): __itt_notify_sync_releasing

9030 : 0x26fef568dae0 : 2 : ittapi_config_apply_per_lib :  ITTAPI function not implemented: __itt_memory_read
9030 : 0x26fef5690430 : 2 : ittapi_config_apply_per_lib :  ITTAPI function not implemented: __itt_memory_write
9030 : 0x26fef5690cf4 : 2 : ittapi_config_apply_per_lib :  ITTAPI function not implemented: __itt_memory_update
9030 : 0x26fef5691566 : 2 : ittapi_config_apply_per_lib :  ITTAPI function not implemented: __itt_state_get
9030 : 0x26fef5691d3c : 2 : ittapi_config_apply_per_lib :  ITTAPI function not implemented: __itt_state_set
9030 : 0x26fef56924bc : 2 : ittapi_config_apply_per_lib :  ITTAPI function not implemented: __itt_obj_mode_set
9030 : 0x26fef5692c86 : 2 : ittapi_config_apply_per_lib :  ITTAPI function not implemented: __itt_thr_mode_set
9030 : 0x26fef5693442 : 2 : ittapi_config_apply_per_lib :  ITTAPI function instrumented: __itt_frame_create
9030 : 0x26fef5693b70 : 2 : ittapi_config_apply_per_lib :  ITTAPI function instrumented: __itt_pt_region_create
9030 : 0x26fef56942ba : 2 : ittapi_config_apply_per_lib :  ITTAPI function instrumented: __itt_frame_begin
9030 : 0x26fef5694a7a : 2 : ittapi_config_apply_per_lib :  ITTAPI function instrumented: __itt_frame_end
9030 : 0x26fef5697446 : 2 : ittapi_config_apply_per_lib :  ITTAPI function not implemented: __itt_counter_destroy
9030 : 0x26fef5697baa : 2 : ittapi_config_apply_per_lib :  ITTAPI function instrumented: __itt_counter_inc
9030 : 0x26fef56982a2 : 2 : ittapi_config_apply_per_lib :  ITTAPI function instrumented: __itt_counter_inc_delta
9030 : 0x26fef5698938 : 2 : ittapi_config_apply_per_lib :  ITTAPI function instrumented: __itt_counter_dec
9030 : 0x26fef5699026 : 2 : ittapi_config_apply_per_lib :  ITTAPI function instrumented: __itt_counter_dec_delta
9030 : 0x26fef569970a : 2 : ittapi_config_apply_per_lib :  ITTAPI function instrumented: __itt_counter_set_value
9030 : 0x26fef5699eda : 2 : ittapi_config_apply_per_lib :  ITTAPI function not implemented: __itt_counter_set_value_ex
9030 : 0x26fef569a6ae : 2 : ittapi_config_apply_per_lib :  ITTAPI function not implemented: __itt_mark_create
9030 : 0x26fef569aee4 : 2 : ittapi_config_apply_per_lib :  ITTAPI function not implemented: __itt_mark
9030 : 0x26fef569b726 : 2 : ittapi_config_apply_per_lib :  ITTAPI function not implemented: __itt_mark_off
9030 : 0x26fef569f472 : 2 : ittapi_config_apply_per_lib :  ITTAPI function not implemented: __itt_mark_global
9030 : 0x26fef569fc5c : 2 : ittapi_config_apply_per_lib :  ITTAPI function not implemented: __itt_mark_global_off
9030 : 0x26fef56a058c : 2 : ittapi_config_apply_per_lib :  ITTAPI function instrumented: __itt_stack_caller_create
9030 : 0x26fef56a0cb2 : 2 : ittapi_config_apply_per_lib :  ITTAPI function instrumented: __itt_stack_caller_destroy
9030 : 0x26fef56a138e : 2 : ittapi_config_apply_per_lib :  ITTAPI function instrumented: __itt_stack_callee_enter
9030 : 0x26fef56a1a18 : 2 : ittapi_config_apply_per_lib :  ITTAPI function instrumented: __itt_stack_callee_leave
9030 : 0x26fef56a229a : 2 : ittapi_config_apply_per_lib :  ITTAPI function not implemented: __itt_clock_domain_create
9030 : 0x26fef56a2ae6 : 2 : ittapi_config_apply_per_lib :  ITTAPI function not implemented: __itt_clock_domain_reset
9030 : 0x26fef56a330e : 2 : ittapi_config_apply_per_lib :  ITTAPI function not implemented: __itt_id_create_ex
9030 : 0x26fef56a3b16 : 2 : ittapi_config_apply_per_lib :  ITTAPI function not implemented: __itt_id_destroy_ex
9030 : 0x26fef56a645a : 2 : ittapi_config_apply_per_lib :  ITTAPI function not implemented: __itt_task_begin_ex
9030 : 0x26fef56a6d00 : 2 : ittapi_config_apply_per_lib :  ITTAPI function not implemented: __itt_task_begin_fn_ex
9030 : 0x26fef56a747c : 2 : ittapi_config_apply_per_lib :  ITTAPI function not implemented: __itt_task_end_ex
9030 : 0x26fef56a7c1e : 2 : ittapi_config_apply_per_lib :  ITTAPI function instrumented: __itt_task_begin_overlapped
9030 : 0x26fef56a8486 : 2 : ittapi_config_apply_per_lib :  ITTAPI function not implemented: __itt_task_begin_overlapped_ex
9030 : 0x26fef56a8c1e : 2 : ittapi_config_apply_per_lib :  ITTAPI function instrumented: __itt_task_end_overlapped
9030 : 0x26fef56a9402 : 2 : ittapi_config_apply_per_lib :  ITTAPI function not implemented: __itt_task_end_overlapped_ex
9030 : 0x26fef56a9c32 : 2 : ittapi_config_apply_per_lib :  ITTAPI function not implemented: __itt_marker_ex
9030 : 0x26fef56aa516 : 2 : ittapi_config_apply_per_lib :  ITTAPI function not implemented: __itt_metadata_add_with_scope
9030 : 0x26fef56aad96 : 2 : ittapi_config_apply_per_lib :  ITTAPI function not implemented: __itt_metadata_str_add_with_scope
9030 : 0x26fef56ad6c0 : 2 : ittapi_config_apply_per_lib :  ITTAPI function not implemented: __itt_relation_add_to_current_ex
9030 : 0x26fef56adf30 : 2 : ittapi_config_apply_per_lib :  ITTAPI function not implemented: __itt_relation_add_ex
9030 : 0x26fef56ae778 : 2 : ittapi_config_apply_per_lib :  ITTAPI function not implemented: __itt_track_group_create
9030 : 0x26fef56aef46 : 2 : ittapi_config_apply_per_lib :  ITTAPI function not implemented: __itt_track_create
9030 : 0x26fef56af704 : 2 : ittapi_config_apply_per_lib :  ITTAPI function not implemented: __itt_set_track
9030 : 0x26fef56afe54 : 2 : ittapi_config_apply_per_lib :  ITTAPI function instrumented: __itt_api_version
9030 : 0x26fef56b0676 : 2 : ittapi_config_apply_per_lib :  ITTAPI function not implemented: __itt_av_save
9030 : 0x26fef56b0da8 : 2 : ittapi_config_apply_per_lib :  ITTAPI function instrumented: __itt_module_load
9030 : 0x26fef56b15ca : 2 : ittapi_config_apply_per_lib :  ITTAPI function not implemented: __itt_module_unload
9030 : 0x26fef56b1b96 : 2 : ittapi_config_apply_per_lib :  ITTAPI function NOT instrumented (not matched by --itt-config option): __itt_histogram_submit

9030 : 0x26fef56b4324 : 2 : ittapi_config_apply_per_lib :  ITTAPI function instrumented: __itt_counter_set_value_v3